<?xml version="1.0" encoding="UTF-8"?>
<!-- Generated by org.testng.reporters.JUnitReportReporter -->
<testsuite hostname="Reyads-MacBook-Pro.local" failures="0" tests="1" name="Tests.TestWifiSettings" time="9.430" errors="0" timestamp="2025-05-15T11:48:43 BDT" skipped="0">
  <testcase classname="Tests.TestWifiSettings" name="testWifiSetting" time="9.430"/>
</testsuite> <!-- Tests.TestWifiSettings -->
