<?xml version="1.0" encoding="UTF-8"?>
<!-- Generated by org.testng.reporters.JUnitReportReporter -->
<testsuite hostname="Reyads-MacBook-Pro.local" failures="0" tests="1" name="SimpleApp.AppiumTry.AppTest" time="9.693" errors="0" timestamp="2025-05-14T12:41:16 BDT" skipped="0">
  <testcase classname="SimpleApp.AppiumTry.AppTest" name="WifiSettingName" time="9.693"/>
</testsuite> <!-- SimpleApp.AppiumTry.AppTest -->
