<?xml version="1.0" encoding="UTF-8"?>
<!-- Generated by org.testng.reporters.JUnitReportReporter -->
<testsuite hostname="Reyads-MacBook-Pro.local" failures="0" tests="4" name="Tests.TestViewsSettings" time="9.564" errors="0" timestamp="2025-05-17T13:01:10 BDT" skipped="3">
  <testcase classname="Tests.TestViewsSettings" name="testDragDrop" time="9.564"/>
  <testcase classname="Tests.TestViewsSettings" name="testSwipePhotos">
    <skipped/>
  </testcase> <!-- testSwipePhotos -->
  <testcase classname="Tests.TestViewsSettings" name="testViewSetting">
    <skipped/>
  </testcase> <!-- testViewSetting -->
  <testcase classname="Tests.TestViewsSettings" name="testScrollToWebView">
    <skipped/>
  </testcase> <!-- testScrollToWebView -->
</testsuite> <!-- Tests.TestViewsSettings -->
